src/features/mail/MailFolderScreen.tsx(38,78): error TS2339: Property 'useQuery' does not exist on type 'DecorateQueryProcedure<{ input: { folder?: string | undefined; q?: string | undefined; labelIds?: string[] | undefined; maxResults?: number | undefined; cursor?: string | undefined; }; output: { threads: { id: string; historyId: string | null; $raw?: unknown; }[]; nextPageToken: string | null; }; transformer: true; ...'.
src/features/mail/MailFolderScreen.tsx(112,29): error TS2322: Type '{ data: any; estimatedItemSize: number; keyExtractor: (item: unknown) => any; renderItem: ({ item }: ListRenderItemInfo<unknown>) => Element; refreshControl: Element; ListEmptyComponent: Element; }' is not assignable to type 'IntrinsicAttributes & FlashListProps<unknown> & { ref?: Ref<FlashListRef<unknown>> | undefined; }'.
  Property 'estimatedItemSize' does not exist on type 'IntrinsicAttributes & FlashListProps<unknown> & { ref?: Ref<FlashListRef<unknown>> | undefined; }'.
src/features/mail/MailFolderScreen.tsx(113,53): error TS18046: 'item' is of type 'unknown'.
src/features/mail/MailFolderScreen.tsx(116,63): error TS18046: 'item' is of type 'unknown'.
src/features/mail/ThreadListItem.tsx(15,59): error TS2349: This expression is not callable.
  Type 'never' has no call signatures.
src/features/mail/ThreadListItem.tsx(22,45): error TS7006: Parameter 't' implicitly has an 'any' type.
../server/src/lib/analyze/interests.ts(44,12): error TS2339: Property 'OPENAI_API_KEY' does not exist on type 'Env'.
../server/src/lib/analyze/interests.ts(94,25): error TS2339: Property 'OPENAI_MODEL' does not exist on type 'Env'.
../server/src/lib/bulk-delete.ts(26,34): error TS2339: Property 'NODE_ENV' does not exist on type 'Env'.
../server/src/lib/bulk-delete.ts(29,45): error TS2339: Property 'gmail_processing_threads' does not exist on type 'Env'.
../server/src/lib/bulk-delete.ts(37,25): error TS2339: Property 'CLOUDFLARE_ACCOUNT_ID' does not exist on type 'Env'.
../server/src/lib/bulk-delete.ts(46,21): error TS2339: Property 'CLOUDFLARE_API_TOKEN' does not exist on type 'Env'.
../server/src/lib/driver/index.ts(16,3): error TS2322: Type 'GoogleMailManager | OutlookMailManager' is not assignable to type 'MailManager'.
  Type 'OutlookMailManager' is missing the following properties from type 'MailManager': getMessageAttachments, getRawEmail
../server/src/lib/driver/microsoft.ts(543,10): error TS2416: Property 'getDraft' in type 'OutlookMailManager' is not assignable to the same property in base type 'MailManager'.
  Type '(draftId: string) => Promise<{ id: string; to: string[]; cc: string[]; bcc: string[]; subject: string; content: string; rawMessage: Message; }>' is not assignable to type '(id: string) => Promise<ParsedDraft>'.
    Type 'Promise<{ id: string; to: string[]; cc: string[]; bcc: string[]; subject: string; content: string; rawMessage: Message; }>' is not assignable to type 'Promise<ParsedDraft>'.
      Type '{ id: string; to: string[]; cc: string[]; bcc: string[]; subject: string; content: string; rawMessage: Message; }' is not assignable to type 'ParsedDraft'.
        Types of property 'rawMessage' are incompatible.
          Type 'Message' has no properties in common with type '{ internalDate?: string | null | undefined; }'.
../server/src/lib/driver/microsoft.ts(701,46): error TS2339: Property 'arrayBuffer' does not exist on type '{ type: string; name: string; size: number; lastModified: number; base64: string; }'.
../server/src/lib/driver/microsoft.ts(1185,42): error TS2339: Property 'arrayBuffer' does not exist on type '{ name: string; type: string; size: number; lastModified: number; base64: string; }'.
../server/src/routes/agent/index.ts(1966,33): error TS2504: Type 'ReadableStream<Uint8Array<ArrayBufferLike>>' must have a '[Symbol.asyncIterator]()' method that returns an async iterator.
../server/src/routes/agent/mcp.ts(40,39): error TS2339: Property 'HYPERDRIVE' does not exist on type 'Env'.
../server/src/routes/agent/mcp.ts(87,36): error TS2339: Property 'VECTORIZE' does not exist on type 'Env'.
../server/src/routes/agent/mcp.ts(101,43): error TS2339: Property 'AI' does not exist on type 'Env'.
../server/src/routes/agent/mcp.ts(329,18): error TS2339: Property 'threads' does not exist on type 'never'.
../server/src/routes/agent/mcp.ts(329,37): error TS7006: Parameter 'thread' implicitly has an 'any' type.
../server/src/thread-workflow-utils/workflow-functions.ts(72,20): error TS2339: Property 'isQuestion' does not exist on type '{}'.
../server/src/thread-workflow-utils/workflow-functions.ts(73,20): error TS2339: Property 'isRequest' does not exist on type '{}'.
../server/src/thread-workflow-utils/workflow-functions.ts(74,20): error TS2339: Property 'isMeeting' does not exist on type '{}'.
../server/src/thread-workflow-utils/workflow-functions.ts(75,20): error TS2339: Property 'isUrgent' does not exist on type '{}'.
../server/src/thread-workflow-utils/workflow-functions.ts(112,30): error TS2339: Property 'draftContent' does not exist on type '{}'.
../server/src/thread-workflow-utils/workflow-functions.ts(136,35): error TS2339: Property 'draftContent' does not exist on type '{}'.
../server/src/thread-workflow-utils/workflow-functions.ts(173,26): error TS2339: Property 'VECTORIZE_MESSAGE' does not exist on type 'Env'.
../server/src/thread-workflow-utils/workflow-functions.ts(203,27): error TS2339: Property 'messagesToVectorize' does not exist on type '{}'.
../server/src/thread-workflow-utils/workflow-functions.ts(208,49): error TS2339: Property 'messagesToVectorize' does not exist on type '{}'.
../server/src/thread-workflow-utils/workflow-functions.ts(246,36): error TS2339: Property 'AI' does not exist on type 'Env'.
../server/src/thread-workflow-utils/workflow-functions.ts(297,27): error TS2339: Property 'embeddings' does not exist on type '{}'.
../server/src/thread-workflow-utils/workflow-functions.ts(297,57): error TS2339: Property 'embeddings' does not exist on type '{}'.
../server/src/thread-workflow-utils/workflow-functions.ts(304,23): error TS2339: Property 'embeddings' does not exist on type '{}'.
../server/src/thread-workflow-utils/workflow-functions.ts(306,15): error TS2339: Property 'VECTORIZE_MESSAGE' does not exist on type 'Env'.
../server/src/thread-workflow-utils/workflow-functions.ts(306,56): error TS2339: Property 'embeddings' does not exist on type '{}'.
../server/src/thread-workflow-utils/workflow-functions.ts(309,40): error TS2339: Property 'embeddings' does not exist on type '{}'.
../server/src/thread-workflow-utils/workflow-functions.ts(326,37): error TS2339: Property 'VECTORIZE' does not exist on type 'Env'.
../server/src/thread-workflow-utils/workflow-functions.ts(352,44): error TS2339: Property 'existingSummary' does not exist on type '{}'.
../server/src/thread-workflow-utils/workflow-functions.ts(384,25): error TS2339: Property 'summary' does not exist on type '{}'.
../server/src/thread-workflow-utils/workflow-functions.ts(389,68): error TS2339: Property 'summary' does not exist on type '{}'.
../server/src/thread-workflow-utils/workflow-functions.ts(397,15): error TS2339: Property 'VECTORIZE' does not exist on type 'Env'.
../server/src/thread-workflow-utils/workflow-functions.ts(403,34): error TS2339: Property 'summary' does not exist on type '{}'.
../server/src/thread-workflow-utils/workflow-functions.ts(453,25): error TS2339: Property 'summary' does not exist on type '{}'.
../server/src/thread-workflow-utils/workflow-functions.ts(458,45): error TS2339: Property 'userAccountLabels' does not exist on type '{}'.
../server/src/thread-workflow-utils/workflow-functions.ts(459,42): error TS2339: Property 'userTopics' does not exist on type '{}'.
../server/src/thread-workflow-utils/workflow-functions.ts(498,33): error TS2339: Property 'summary' does not exist on type '{}'.
../server/src/thread-workflow-utils/workflow-functions.ts(500,38): error TS2339: Property 'AI' does not exist on type 'Env'.
../server/src/thread-workflow-utils/workflow-functions.ts(518,11): error TS2322: Type '{} | { suggestions: never[]; }' is not assignable to type '{ suggestions: { name: string; source: string; }[]; accountLabelsMap: Record<string, any>; }'.
  Type '{}' is missing the following properties from type '{ suggestions: { name: string; source: string; }[]; accountLabelsMap: Record<string, any>; }': suggestions, accountLabelsMap
../server/src/thread-workflow-utils/workflow-functions.ts(530,49): error TS2339: Property 'userAccountLabels' does not exist on type '{}'.
../server/src/thread-workflow-utils/workflow-functions.ts(589,42): error TS2339: Property 'userTopics' does not exist on type '{}'.
../server/src/thread-workflow-utils/workflow-functions.ts(670,34): error TS2339: Property 'AI' does not exist on type 'Env'.
../server/src/thread-workflow-utils/workflow-functions.ts(687,34): error TS2339: Property 'AI' does not exist on type 'Env'.
../server/src/trpc/routes/mail.ts(854,20): error TS2339: Property 'getRawEmail' does not exist on type 'DurableObjectStub<ZeroDriver & QueryableHandler>'.
../server/src/trpc/routes/mail.ts(868,38): error TS2339: Property 'getRawEmail' does not exist on type 'DurableObjectStub<ZeroDriver & QueryableHandler>'.
../server/src/types.ts(241,46): error TS2304: Cannot find name 'Env'.
../../node_modules/.pnpm/dormroom@1.0.1/node_modules/dormroom/mod.ts(61,27): error TS18048: 'studioConfig' is possibly 'undefined'.
../../node_modules/.pnpm/multistub@0.0.8/node_modules/multistub/multistub.ts(43,64): error TS2345: Argument of type '(MultiStubConfig | undefined)[]' is not assignable to parameter of type 'MultiStubConfig[]'.
  Type 'MultiStubConfig | undefined' is not assignable to type 'MultiStubConfig'.
    Type 'undefined' is not assignable to type 'MultiStubConfig'.
../../node_modules/.pnpm/queryable-object@0.0.8/node_modules/queryable-object/queryable.ts(2,28): error TS1205: Re-exporting a type when 'isolatedModules' is enabled requires using 'export type'.
../../node_modules/.pnpm/queryable-object@0.0.8/node_modules/queryable-object/studio-middleware.ts(142,27): error TS7006: Parameter 'obj' implicitly has an 'any' type.
../../node_modules/.pnpm/queryable-object@0.0.8/node_modules/queryable-object/studio-middleware.ts(142,32): error TS7006: Parameter 'col' implicitly has an 'any' type.
../../node_modules/.pnpm/queryable-object@0.0.8/node_modules/queryable-object/studio-middleware.ts(142,37): error TS7006: Parameter 'idx' implicitly has an 'any' type.
../../node_modules/.pnpm/remote-sql-cursor@0.1.9/node_modules/remote-sql-cursor/do.ts(10,3): error TS1205: Re-exporting a type when 'isolatedModules' is enabled requires using 'export type'.
../../node_modules/.pnpm/remote-sql-cursor@0.1.9/node_modules/remote-sql-cursor/do.ts(11,3): error TS1205: Re-exporting a type when 'isolatedModules' is enabled requires using 'export type'.
../../node_modules/.pnpm/remote-sql-cursor@0.1.9/node_modules/remote-sql-cursor/do.ts(145,52): error TS18046: 'error' is of type 'unknown'.
../../node_modules/.pnpm/remote-sql-cursor@0.1.9/node_modules/remote-sql-cursor/do.ts(162,51): error TS18046: 'error' is of type 'unknown'.
../../node_modules/.pnpm/transferable-object@0.0.22/node_modules/transferable-object/transferable-object.ts(107,9): error TS2345: Argument of type 'undefined' is not assignable to parameter of type 'string'.
../../node_modules/.pnpm/transferable-object@0.0.22/node_modules/transferable-object/transferable-object.ts(133,13): error TS2345: Argument of type 'undefined' is not assignable to parameter of type 'string'.
../../node_modules/.pnpm/transferable-object@0.0.22/node_modules/transferable-object/transferable-object.ts(167,13): error TS2345: Argument of type 'undefined' is not assignable to parameter of type 'string'.
../../node_modules/.pnpm/transferable-object@0.0.22/node_modules/transferable-object/transferable-object.ts(186,13): error TS2345: Argument of type 'undefined' is not assignable to parameter of type 'string'.
../../node_modules/.pnpm/transferable-object@0.0.22/node_modules/transferable-object/transferable-object.ts(340,20): error TS2722: Cannot invoke an object which is possibly 'undefined'.
